#
# There is insufficient memory for the Java Runtime Environment to continue.
# Native memory allocation (malloc) failed to allocate 2045296 bytes for Chunk::new
# Possible reasons:
#   The system is out of physical RAM or swap space
#   The process is running with CompressedOops enabled, and the Java Heap may be blocking the growth of the native heap
# Possible solutions:
#   Reduce memory load on the system
#   Increase physical memory or swap space
#   Check if swap backing store is full
#   Decrease Java heap size (-Xmx/-Xms)
#   Decrease number of Java threads
#   Decrease Java thread stack sizes (-Xss)
#   Set larger code cache with -XX:ReservedCodeCacheSize=
#   JVM is running with Unscaled Compressed Oops mode in which the Java heap is
#     placed in the first 4GB address space. The Java Heap base address is the
#     maximum limit for the native heap growth. Please use -XX:HeapBaseMinAddress
#     to set the Java Heap base and to place the Java Heap above 4GB virtual address.
# This output file may be truncated or incomplete.
#
#  Out of Memory Error (./open/src/hotspot/share/memory/arena.cpp:195), pid=1912, tid=11840
#
# JRE version: OpenJDK Runtime Environment (15.0.1+9) (build 15.0.1+9-18)
# Java VM: OpenJDK 64-Bit Server VM (15.0.1+9-18, mixed mode, sharing, tiered, compressed oops, g1 gc, windows-amd64)
# No core dump will be written. Minidumps are not enabled by default on client versions of Windows
#

---------------  S U M M A R Y ------------

Command Line: --add-opens=java.base/java.util=ALL-UNNAMED --add-opens=java.base/java.lang=ALL-UNNAMED --add-opens=java.base/java.lang.invoke=ALL-UNNAMED --add-opens=java.prefs/java.util.prefs=ALL-UNNAMED -XX:MaxMetaspaceSize=256m -XX:+HeapDumpOnOutOfMemoryError -Xms256m -Xmx512m -Dfile.encoding=windows-1251 -Duser.country=RU -Duser.language=ru -Duser.variant org.gradle.launcher.daemon.bootstrap.GradleDaemon 6.3

Host: Intel(R) Core(TM) i5-2450M CPU @ 2.50GHz, 4 cores, 7G,  Windows 10 , 64 bit Build 19041 (10.0.19041.546)
Time: Mon Jan 25 18:31:57 2021 RTZ 2 (зима) elapsed time: 11.697065 seconds (0d 0h 0m 11s)

---------------  T H R E A D  ---------------

Current thread (0x00000210f656a340):  JavaThread "C2 CompilerThread0" daemon [_thread_in_native, id=11840, stack(0x000000e250f00000,0x000000e251000000)]


Current CompileTask:
C2:  11697 2224       4       jdk.internal.org.objectweb.asm.Frame::execute (2305 bytes)

Stack: [0x000000e250f00000,0x000000e251000000]
Native frames: (J=compiled Java code, j=interpreted, Vv=VM code, C=native code)
V  [jvm.dll+0x62ae9a]
V  [jvm.dll+0x781389]
V  [jvm.dll+0x782ae3]
V  [jvm.dll+0x783143]
V  [jvm.dll+0x216265]
V  [jvm.dll+0x97efa]
V  [jvm.dll+0x985dc]
V  [jvm.dll+0x32e4c8]
V  [jvm.dll+0x2f78aa]
V  [jvm.dll+0x2f6c6a]
V  [jvm.dll+0x1ea645]
V  [jvm.dll+0x1e98ae]
V  [jvm.dll+0x1784c7]
V  [jvm.dll+0x1f9165]
V  [jvm.dll+0x1f720c]
V  [jvm.dll+0x74485d]
V  [jvm.dll+0x73d65a]
V  [jvm.dll+0x629c56]
C  [ucrtbase.dll+0x214c2]
C  [KERNEL32.DLL+0x17034]
C  [ntdll.dll+0x4cec1]


---------------  P R O C E S S  ---------------

Threads class SMR info:
_java_thread_list=0x00000210f8c72e40, length=27, elements={
0x00000210dbb602a0, 0x00000210f6543db0, 0x00000210f6544890, 0x00000210f655fcf0,
0x00000210f65636d0, 0x00000210f65660a0, 0x00000210f656a340, 0x00000210f6575110,
0x00000210f65861d0, 0x00000210f6fb2eb0, 0x00000210f6ff0140, 0x00000210f8022850,
0x00000210f856abf0, 0x00000210f7dc5510, 0x00000210f7bab0b0, 0x00000210f88f53d0,
0x00000210f6eff950, 0x00000210f83b1ca0, 0x00000210f8acb540, 0x00000210f7488030,
0x00000210f8902230, 0x00000210f8902700, 0x00000210f8902bd0, 0x00000210f8901d60,
0x00000210f8be3d50, 0x00000210f8be8f20, 0x00000210f8be7be0
}

Java Threads: ( => current thread )
  0x00000210dbb602a0 JavaThread "main" [_thread_blocked, id=10712, stack(0x000000e250300000,0x000000e250400000)]
  0x00000210f6543db0 JavaThread "Reference Handler" daemon [_thread_blocked, id=1152, stack(0x000000e250a00000,0x000000e250b00000)]
  0x00000210f6544890 JavaThread "Finalizer" daemon [_thread_blocked, id=9952, stack(0x000000e250b00000,0x000000e250c00000)]
  0x00000210f655fcf0 JavaThread "Signal Dispatcher" daemon [_thread_blocked, id=11416, stack(0x000000e250c00000,0x000000e250d00000)]
  0x00000210f65636d0 JavaThread "Attach Listener" daemon [_thread_blocked, id=3148, stack(0x000000e250d00000,0x000000e250e00000)]
  0x00000210f65660a0 JavaThread "Service Thread" daemon [_thread_blocked, id=9864, stack(0x000000e250e00000,0x000000e250f00000)]
=>0x00000210f656a340 JavaThread "C2 CompilerThread0" daemon [_thread_in_native, id=11840, stack(0x000000e250f00000,0x000000e251000000)]
  0x00000210f6575110 JavaThread "C1 CompilerThread0" daemon [_thread_blocked, id=9968, stack(0x000000e251000000,0x000000e251100000)]
  0x00000210f65861d0 JavaThread "Sweeper thread" daemon [_thread_blocked, id=7608, stack(0x000000e251100000,0x000000e251200000)]
  0x00000210f6fb2eb0 JavaThread "Common-Cleaner" daemon [_thread_blocked, id=8116, stack(0x000000e251200000,0x000000e251300000)]
  0x00000210f6ff0140 JavaThread "Notification Thread" daemon [_thread_blocked, id=9656, stack(0x000000e251300000,0x000000e251400000)]
  0x00000210f8022850 JavaThread "Daemon health stats" [_thread_blocked, id=8184, stack(0x000000e251800000,0x000000e251900000)]
  0x00000210f856abf0 JavaThread "Incoming local TCP Connector on port 54623" [_thread_in_native, id=12272, stack(0x000000e251900000,0x000000e251a00000)]
  0x00000210f7dc5510 JavaThread "Daemon periodic checks" [_thread_blocked, id=6180, stack(0x000000e251a00000,0x000000e251b00000)]
  0x00000210f7bab0b0 JavaThread "Daemon" [_thread_blocked, id=3128, stack(0x000000e251b00000,0x000000e251c00000)]
  0x00000210f88f53d0 JavaThread "Handler for socket connection from /127.0.0.1:54623 to /127.0.0.1:54625" [_thread_in_native, id=8636, stack(0x000000e251c00000,0x000000e251d00000)]
  0x00000210f6eff950 JavaThread "Cancel handler" [_thread_blocked, id=11784, stack(0x000000e251d00000,0x000000e251e00000)]
  0x00000210f83b1ca0 JavaThread "Daemon worker" [_thread_in_native, id=3732, stack(0x000000e251e00000,0x000000e251f00000)]
  0x00000210f8acb540 JavaThread "Asynchronous log dispatcher for DefaultDaemonConnection: socket connection from /127.0.0.1:54623 to /127.0.0.1:54625" [_thread_blocked, id=9172, stack(0x000000e251f00000,0x000000e252000000)]
  0x00000210f7488030 JavaThread "Stdin handler" [_thread_blocked, id=3320, stack(0x000000e252000000,0x000000e252100000)]
  0x00000210f8902230 JavaThread "Thread-8" [_thread_blocked, id=8268, stack(0x000000e252100000,0x000000e252200000)]
  0x00000210f8902700 JavaThread "Cache worker for journal cache (C:\Users\Admin\.gradle\caches\journal-1)" [_thread_blocked, id=8916, stack(0x000000e252200000,0x000000e252300000)]
  0x00000210f8902bd0 JavaThread "File lock request listener" [_thread_in_native, id=12172, stack(0x000000e252300000,0x000000e252400000)]
  0x00000210f8901d60 JavaThread "File lock release action executor" [_thread_blocked, id=3920, stack(0x000000e252400000,0x000000e252500000)]
  0x00000210f8be3d50 JavaThread "Cache worker for file hash cache (C:\Users\Admin\.gradle\caches\6.3\fileHashes)" [_thread_blocked, id=9636, stack(0x000000e252500000,0x000000e252600000)]
  0x00000210f8be8f20 JavaThread "Cache worker for checksums cache (C:\Users\Admin\IdeaProjects\JSON_LM\.gradle\checksums)" [_thread_blocked, id=9732, stack(0x000000e252600000,0x000000e252700000)]
  0x00000210f8be7be0 JavaThread "Cache worker for file hash cache (C:\Users\Admin\IdeaProjects\JSON_LM\.gradle\6.3\fileHashes)" [_thread_blocked, id=5824, stack(0x000000e252700000,0x000000e252800000)]

Other Threads:
  0x00000210f6540610 VMThread "VM Thread" [stack: 0x000000e250900000,0x000000e250a00000] [id=10724]
  0x00000210f6ff0a20 WatcherThread [stack: 0x000000e251400000,0x000000e251500000] [id=9100]
  0x00000210dbb86e20 GCTaskThread "GC Thread#0" [stack: 0x000000e250400000,0x000000e250500000] [id=2232]
  0x00000210f7189bd0 GCTaskThread "GC Thread#1" [stack: 0x000000e251500000,0x000000e251600000] [id=1280]
  0x00000210f718c870 GCTaskThread "GC Thread#2" [stack: 0x000000e251600000,0x000000e251700000] [id=7660]
  0x00000210f718cba0 GCTaskThread "GC Thread#3" [stack: 0x000000e251700000,0x000000e251800000] [id=10064]
  0x00000210dbb8ce90 ConcurrentGCThread "G1 Main Marker" [stack: 0x000000e250500000,0x000000e250600000] [id=1288]
  0x00000210dbb8e130 ConcurrentGCThread "G1 Conc#0" [stack: 0x000000e250600000,0x000000e250700000] [id=3036]
  0x00000210dbc3cc50 ConcurrentGCThread "G1 Refine#0" [stack: 0x000000e250700000,0x000000e250800000] [id=11180]
  0x00000210dbc3d760 ConcurrentGCThread "G1 Young RemSet Sampling" [stack: 0x000000e250800000,0x000000e250900000] [id=3300]

Threads with active compile tasks:
C2 CompilerThread0    11736 2224       4       jdk.internal.org.objectweb.asm.Frame::execute (2305 bytes)

VM state: not at safepoint (normal execution)

VM Mutex/Monitor currently owned by a thread: None

Heap address: 0x00000000e0000000, size: 512 MB, Compressed Oops mode: 32-bit
CDS archive(s) mapped at: [0x0000000800000000-0x0000000800b50000-0x0000000800b50000), size 11862016, SharedBaseAddress: 0x0000000800000000, ArchiveRelocationMode: 0.
Compressed class space mapped at: 0x0000000800b50000-0x0000000810350000, size: 260046848
Narrow klass base: 0x0000000800000000, Narrow klass shift: 3, Narrow klass range: 0x100000000

GC Precious Log:
 CPUs: 4 total, 4 available
 Memory: 8075M
 Large Page Support: Disabled
 NUMA Support: Disabled
 Compressed Oops: Enabled (32-bit)
 Heap Region Size: 1M
 Heap Min Capacity: 256M
 Heap Initial Capacity: 256M
 Heap Max Capacity: 512M
 Pre-touch: Disabled
 Parallel Workers: 4
 Concurrent Workers: 1
 Concurrent Refinement Workers: 4
 Periodic GC: Disabled

Heap:
 garbage-first heap   total 262144K, used 81661K [0x00000000e0000000, 0x0000000100000000)
  region size 1024K, 70 young (71680K), 3 survivors (3072K)
 Metaspace       used 17586K, capacity 18086K, committed 18304K, reserved 270336K
  class space    used 2430K, capacity 2580K, committed 2688K, reserved 253952K

Heap Regions: E=young(eden), S=young(survivor), O=old, HS=humongous(starts), HC=humongous(continues), CS=collection set, F=free, OA=open archive, CA=closed archive, TAMS=top-at-mark-start (previous, next)
|   0|0x00000000e0000000, 0x00000000e0100000, 0x00000000e0100000|100%| O|  |TAMS 0x00000000e0000000, 0x00000000e0000000| Untracked 
|   1|0x00000000e0100000, 0x00000000e0200000, 0x00000000e0200000|100%| O|  |TAMS 0x00000000e0100000, 0x00000000e0100000| Untracked 
|   2|0x00000000e0200000, 0x00000000e0300000, 0x00000000e0300000|100%| O|  |TAMS 0x00000000e0200000, 0x00000000e0200000| Untracked 
|   3|0x00000000e0300000, 0x00000000e0400000, 0x00000000e0400000|100%|HS|  |TAMS 0x00000000e0300000, 0x00000000e0300000| Complete 
|   4|0x00000000e0400000, 0x00000000e0500000, 0x00000000e0500000|100%|HC|  |TAMS 0x00000000e0400000, 0x00000000e0400000| Complete 
|   5|0x00000000e0500000, 0x00000000e0600000, 0x00000000e0600000|100%|HC|  |TAMS 0x00000000e0500000, 0x00000000e0500000| Complete 
|   6|0x00000000e0600000, 0x00000000e0700000, 0x00000000e0700000|100%| O|  |TAMS 0x00000000e0600000, 0x00000000e0600000| Untracked 
|   7|0x00000000e0700000, 0x00000000e0800000, 0x00000000e0800000|100%| O|  |TAMS 0x00000000e0700000, 0x00000000e0700000| Untracked 
|   8|0x00000000e0800000, 0x00000000e0900000, 0x00000000e0900000|100%| O|  |TAMS 0x00000000e0800000, 0x00000000e0800000| Untracked 
|   9|0x00000000e0900000, 0x00000000e09bf600, 0x00000000e0a00000| 74%| O|  |TAMS 0x00000000e0900000, 0x00000000e0900000| Untracked 
|  10|0x00000000e0a00000, 0x00000000e0b00000, 0x00000000e0b00000|100%|HS|  |TAMS 0x00000000e0a00000, 0x00000000e0a00000| Complete 
|  11|0x00000000e0b00000, 0x00000000e0b00000, 0x00000000e0c00000|  0%| F|  |TAMS 0x00000000e0b00000, 0x00000000e0b00000| Untracked 
|  12|0x00000000e0c00000, 0x00000000e0c00000, 0x00000000e0d00000|  0%| F|  |TAMS 0x00000000e0c00000, 0x00000000e0c00000| Untracked 
|  13|0x00000000e0d00000, 0x00000000e0d00000, 0x00000000e0e00000|  0%| F|  |TAMS 0x00000000e0d00000, 0x00000000e0d00000| Untracked 
|  14|0x00000000e0e00000, 0x00000000e0e00000, 0x00000000e0f00000|  0%| F|  |TAMS 0x00000000e0e00000, 0x00000000e0e00000| Untracked 
|  15|0x00000000e0f00000, 0x00000000e0f00000, 0x00000000e1000000|  0%| F|  |TAMS 0x00000000e0f00000, 0x00000000e0f00000| Untracked 
|  16|0x00000000e1000000, 0x00000000e1000000, 0x00000000e1100000|  0%| F|  |TAMS 0x00000000e1000000, 0x00000000e1000000| Untracked 
|  17|0x00000000e1100000, 0x00000000e1100000, 0x00000000e1200000|  0%| F|  |TAMS 0x00000000e1100000, 0x00000000e1100000| Untracked 
|  18|0x00000000e1200000, 0x00000000e1200000, 0x00000000e1300000|  0%| F|  |TAMS 0x00000000e1200000, 0x00000000e1200000| Untracked 
|  19|0x00000000e1300000, 0x00000000e1300000, 0x00000000e1400000|  0%| F|  |TAMS 0x00000000e1300000, 0x00000000e1300000| Untracked 
|  20|0x00000000e1400000, 0x00000000e1400000, 0x00000000e1500000|  0%| F|  |TAMS 0x00000000e1400000, 0x00000000e1400000| Untracked 
|  21|0x00000000e1500000, 0x00000000e1500000, 0x00000000e1600000|  0%| F|  |TAMS 0x00000000e1500000, 0x00000000e1500000| Untracked 
|  22|0x00000000e1600000, 0x00000000e1600000, 0x00000000e1700000|  0%| F|  |TAMS 0x00000000e1600000, 0x00000000e1600000| Untracked 
|  23|0x00000000e1700000, 0x00000000e1700000, 0x00000000e1800000|  0%| F|  |TAMS 0x00000000e1700000, 0x00000000e1700000| Untracked 
|  24|0x00000000e1800000, 0x00000000e1800000, 0x00000000e1900000|  0%| F|  |TAMS 0x00000000e1800000, 0x00000000e1800000| Untracked 
|  25|0x00000000e1900000, 0x00000000e1900000, 0x00000000e1a00000|  0%| F|  |TAMS 0x00000000e1900000, 0x00000000e1900000| Untracked 
|  26|0x00000000e1a00000, 0x00000000e1a00000, 0x00000000e1b00000|  0%| F|  |TAMS 0x00000000e1a00000, 0x00000000e1a00000| Untracked 
|  27|0x00000000e1b00000, 0x00000000e1b00000, 0x00000000e1c00000|  0%| F|  |TAMS 0x00000000e1b00000, 0x00000000e1b00000| Untracked 
|  28|0x00000000e1c00000, 0x00000000e1c00000, 0x00000000e1d00000|  0%| F|  |TAMS 0x00000000e1c00000, 0x00000000e1c00000| Untracked 
|  29|0x00000000e1d00000, 0x00000000e1d00000, 0x00000000e1e00000|  0%| F|  |TAMS 0x00000000e1d00000, 0x00000000e1d00000| Untracked 
|  30|0x00000000e1e00000, 0x00000000e1e00000, 0x00000000e1f00000|  0%| F|  |TAMS 0x00000000e1e00000, 0x00000000e1e00000| Untracked 
|  31|0x00000000e1f00000, 0x00000000e1f00000, 0x00000000e2000000|  0%| F|  |TAMS 0x00000000e1f00000, 0x00000000e1f00000| Untracked 
|  32|0x00000000e2000000, 0x00000000e2000000, 0x00000000e2100000|  0%| F|  |TAMS 0x00000000e2000000, 0x00000000e2000000| Untracked 
|  33|0x00000000e2100000, 0x00000000e2100000, 0x00000000e2200000|  0%| F|  |TAMS 0x00000000e2100000, 0x00000000e2100000| Untracked 
|  34|0x00000000e2200000, 0x00000000e2200000, 0x00000000e2300000|  0%| F|  |TAMS 0x00000000e2200000, 0x00000000e2200000| Untracked 
|  35|0x00000000e2300000, 0x00000000e2300000, 0x00000000e2400000|  0%| F|  |TAMS 0x00000000e2300000, 0x00000000e2300000| Untracked 
|  36|0x00000000e2400000, 0x00000000e2400000, 0x00000000e2500000|  0%| F|  |TAMS 0x00000000e2400000, 0x00000000e2400000| Untracked 
|  37|0x00000000e2500000, 0x00000000e2500000, 0x00000000e2600000|  0%| F|  |TAMS 0x00000000e2500000, 0x00000000e2500000| Untracked 
|  38|0x00000000e2600000, 0x00000000e2600000, 0x00000000e2700000|  0%| F|  |TAMS 0x00000000e2600000, 0x00000000e2600000| Untracked 
|  39|0x00000000e2700000, 0x00000000e2700000, 0x00000000e2800000|  0%| F|  |TAMS 0x00000000e2700000, 0x00000000e2700000| Untracked 
|  40|0x00000000e2800000, 0x00000000e2800000, 0x00000000e2900000|  0%| F|  |TAMS 0x00000000e2800000, 0x00000000e2800000| Untracked 
|  41|0x00000000e2900000, 0x00000000e2900000, 0x00000000e2a00000|  0%| F|  |TAMS 0x00000000e2900000, 0x00000000e2900000| Untracked 
|  42|0x00000000e2a00000, 0x00000000e2a00000, 0x00000000e2b00000|  0%| F|  |TAMS 0x00000000e2a00000, 0x00000000e2a00000| Untracked 
|  43|0x00000000e2b00000, 0x00000000e2b00000, 0x00000000e2c00000|  0%| F|  |TAMS 0x00000000e2b00000, 0x00000000e2b00000| Untracked 
|  44|0x00000000e2c00000, 0x00000000e2c00000, 0x00000000e2d00000|  0%| F|  |TAMS 0x00000000e2c00000, 0x00000000e2c00000| Untracked 
|  45|0x00000000e2d00000, 0x00000000e2d00000, 0x00000000e2e00000|  0%| F|  |TAMS 0x00000000e2d00000, 0x00000000e2d00000| Untracked 
|  46|0x00000000e2e00000, 0x00000000e2e00000, 0x00000000e2f00000|  0%| F|  |TAMS 0x00000000e2e00000, 0x00000000e2e00000| Untracked 
|  47|0x00000000e2f00000, 0x00000000e2f00000, 0x00000000e3000000|  0%| F|  |TAMS 0x00000000e2f00000, 0x00000000e2f00000| Untracked 
|  48|0x00000000e3000000, 0x00000000e3000000, 0x00000000e3100000|  0%| F|  |TAMS 0x00000000e3000000, 0x00000000e3000000| Untracked 
|  49|0x00000000e3100000, 0x00000000e3100000, 0x00000000e3200000|  0%| F|  |TAMS 0x00000000e3100000, 0x00000000e3100000| Untracked 
|  50|0x00000000e3200000, 0x00000000e3200000, 0x00000000e3300000|  0%| F|  |TAMS 0x00000000e3200000, 0x00000000e3200000| Untracked 
|  51|0x00000000e3300000, 0x00000000e3300000, 0x00000000e3400000|  0%| F|  |TAMS 0x00000000e3300000, 0x00000000e3300000| Untracked 
|  52|0x00000000e3400000, 0x00000000e3400000, 0x00000000e3500000|  0%| F|  |TAMS 0x00000000e3400000, 0x00000000e3400000| Untracked 
|  53|0x00000000e3500000, 0x00000000e3500000, 0x00000000e3600000|  0%| F|  |TAMS 0x00000000e3500000, 0x00000000e3500000| Untracked 
|  54|0x00000000e3600000, 0x00000000e3600000, 0x00000000e3700000|  0%| F|  |TAMS 0x00000000e3600000, 0x00000000e3600000| Untracked 
|  55|0x00000000e3700000, 0x00000000e3700000, 0x00000000e3800000|  0%| F|  |TAMS 0x00000000e3700000, 0x00000000e3700000| Untracked 
|  56|0x00000000e3800000, 0x00000000e3800000, 0x00000000e3900000|  0%| F|  |TAMS 0x00000000e3800000, 0x00000000e3800000| Untracked 
|  57|0x00000000e3900000, 0x00000000e3900000, 0x00000000e3a00000|  0%| F|  |TAMS 0x00000000e3900000, 0x00000000e3900000| Untracked 
|  58|0x00000000e3a00000, 0x00000000e3a00000, 0x00000000e3b00000|  0%| F|  |TAMS 0x00000000e3a00000, 0x00000000e3a00000| Untracked 
|  59|0x00000000e3b00000, 0x00000000e3b00000, 0x00000000e3c00000|  0%| F|  |TAMS 0x00000000e3b00000, 0x00000000e3b00000| Untracked 
|  60|0x00000000e3c00000, 0x00000000e3c00000, 0x00000000e3d00000|  0%| F|  |TAMS 0x00000000e3c00000, 0x00000000e3c00000| Untracked 
|  61|0x00000000e3d00000, 0x00000000e3d00000, 0x00000000e3e00000|  0%| F|  |TAMS 0x00000000e3d00000, 0x00000000e3d00000| Untracked 
|  62|0x00000000e3e00000, 0x00000000e3e00000, 0x00000000e3f00000|  0%| F|  |TAMS 0x00000000e3e00000, 0x00000000e3e00000| Untracked 
|  63|0x00000000e3f00000, 0x00000000e3f00000, 0x00000000e4000000|  0%| F|  |TAMS 0x00000000e3f00000, 0x00000000e3f00000| Untracked 
|  64|0x00000000e4000000, 0x00000000e4000000, 0x00000000e4100000|  0%| F|  |TAMS 0x00000000e4000000, 0x00000000e4000000| Untracked 
|  65|0x00000000e4100000, 0x00000000e4100000, 0x00000000e4200000|  0%| F|  |TAMS 0x00000000e4100000, 0x00000000e4100000| Untracked 
|  66|0x00000000e4200000, 0x00000000e4200000, 0x00000000e4300000|  0%| F|  |TAMS 0x00000000e4200000, 0x00000000e4200000| Untracked 
|  67|0x00000000e4300000, 0x00000000e4300000, 0x00000000e4400000|  0%| F|  |TAMS 0x00000000e4300000, 0x00000000e4300000| Untracked 
|  68|0x00000000e4400000, 0x00000000e4400000, 0x00000000e4500000|  0%| F|  |TAMS 0x00000000e4400000, 0x00000000e4400000| Untracked 
|  69|0x00000000e4500000, 0x00000000e4500000, 0x00000000e4600000|  0%| F|  |TAMS 0x00000000e4500000, 0x00000000e4500000| Untracked 
|  70|0x00000000e4600000, 0x00000000e4600000, 0x00000000e4700000|  0%| F|  |TAMS 0x00000000e4600000, 0x00000000e4600000| Untracked 
|  71|0x00000000e4700000, 0x00000000e4700000, 0x00000000e4800000|  0%| F|  |TAMS 0x00000000e4700000, 0x00000000e4700000| Untracked 
|  72|0x00000000e4800000, 0x00000000e4800000, 0x00000000e4900000|  0%| F|  |TAMS 0x00000000e4800000, 0x00000000e4800000| Untracked 
|  73|0x00000000e4900000, 0x00000000e4900000, 0x00000000e4a00000|  0%| F|  |TAMS 0x00000000e4900000, 0x00000000e4900000| Untracked 
|  74|0x00000000e4a00000, 0x00000000e4a00000, 0x00000000e4b00000|  0%| F|  |TAMS 0x00000000e4a00000, 0x00000000e4a00000| Untracked 
|  75|0x00000000e4b00000, 0x00000000e4b00000, 0x00000000e4c00000|  0%| F|  |TAMS 0x00000000e4b00000, 0x00000000e4b00000| Untracked 
|  76|0x00000000e4c00000, 0x00000000e4c00000, 0x00000000e4d00000|  0%| F|  |TAMS 0x00000000e4c00000, 0x00000000e4c00000| Untracked 
|  77|0x00000000e4d00000, 0x00000000e4d00000, 0x00000000e4e00000|  0%| F|  |TAMS 0x00000000e4d00000, 0x00000000e4d00000| Untracked 
|  78|0x00000000e4e00000, 0x00000000e4e00000, 0x00000000e4f00000|  0%| F|  |TAMS 0x00000000e4e00000, 0x00000000e4e00000| Untracked 
|  79|0x00000000e4f00000, 0x00000000e4f00000, 0x00000000e5000000|  0%| F|  |TAMS 0x00000000e4f00000, 0x00000000e4f00000| Untracked 
|  80|0x00000000e5000000, 0x00000000e5000000, 0x00000000e5100000|  0%| F|  |TAMS 0x00000000e5000000, 0x00000000e5000000| Untracked 
|  81|0x00000000e5100000, 0x00000000e5100000, 0x00000000e5200000|  0%| F|  |TAMS 0x00000000e5100000, 0x00000000e5100000| Untracked 
|  82|0x00000000e5200000, 0x00000000e5200000, 0x00000000e5300000|  0%| F|  |TAMS 0x00000000e5200000, 0x00000000e5200000| Untracked 
|  83|0x00000000e5300000, 0x00000000e5300000, 0x00000000e5400000|  0%| F|  |TAMS 0x00000000e5300000, 0x00000000e5300000| Untracked 
|  84|0x00000000e5400000, 0x00000000e5400000, 0x00000000e5500000|  0%| F|  |TAMS 0x00000000e5400000, 0x00000000e5400000| Untracked 
|  85|0x00000000e5500000, 0x00000000e5500000, 0x00000000e5600000|  0%| F|  |TAMS 0x00000000e5500000, 0x00000000e5500000| Untracked 
|  86|0x00000000e5600000, 0x00000000e5600000, 0x00000000e5700000|  0%| F|  |TAMS 0x00000000e5600000, 0x00000000e5600000| Untracked 
|  87|0x00000000e5700000, 0x00000000e5700000, 0x00000000e5800000|  0%| F|  |TAMS 0x00000000e5700000, 0x00000000e5700000| Untracked 
|  88|0x00000000e5800000, 0x00000000e5800000, 0x00000000e5900000|  0%| F|  |TAMS 0x00000000e5800000, 0x00000000e5800000| Untracked 
|  89|0x00000000e5900000, 0x00000000e5900000, 0x00000000e5a00000|  0%| F|  |TAMS 0x00000000e5900000, 0x00000000e5900000| Untracked 
|  90|0x00000000e5a00000, 0x00000000e5a00000, 0x00000000e5b00000|  0%| F|  |TAMS 0x00000000e5a00000, 0x00000000e5a00000| Untracked 
|  91|0x00000000e5b00000, 0x00000000e5b00000, 0x00000000e5c00000|  0%| F|  |TAMS 0x00000000e5b00000, 0x00000000e5b00000| Untracked 
|  92|0x00000000e5c00000, 0x00000000e5c00000, 0x00000000e5d00000|  0%| F|  |TAMS 0x00000000e5c00000, 0x00000000e5c00000| Untracked 
|  93|0x00000000e5d00000, 0x00000000e5d00000, 0x00000000e5e00000|  0%| F|  |TAMS 0x00000000e5d00000, 0x00000000e5d00000| Untracked 
|  94|0x00000000e5e00000, 0x00000000e5e00000, 0x00000000e5f00000|  0%| F|  |TAMS 0x00000000e5e00000, 0x00000000e5e00000| Untracked 
|  95|0x00000000e5f00000, 0x00000000e5f00000, 0x00000000e6000000|  0%| F|  |TAMS 0x00000000e5f00000, 0x00000000e5f00000| Untracked 
|  96|0x00000000e6000000, 0x00000000e6000000, 0x00000000e6100000|  0%| F|  |TAMS 0x00000000e6000000, 0x00000000e6000000| Untracked 
|  97|0x00000000e6100000, 0x00000000e6100000, 0x00000000e6200000|  0%| F|  |TAMS 0x00000000e6100000, 0x00000000e6100000| Untracked 
|  98|0x00000000e6200000, 0x00000000e6200000, 0x00000000e6300000|  0%| F|  |TAMS 0x00000000e6200000, 0x00000000e6200000| Untracked 
|  99|0x00000000e6300000, 0x00000000e6300000, 0x00000000e6400000|  0%| F|  |TAMS 0x00000000e6300000, 0x00000000e6300000| Untracked 
| 100|0x00000000e6400000, 0x00000000e6400000, 0x00000000e6500000|  0%| F|  |TAMS 0x00000000e6400000, 0x00000000e6400000| Untracked 
| 101|0x00000000e6500000, 0x00000000e6500000, 0x00000000e6600000|  0%| F|  |TAMS 0x00000000e6500000, 0x00000000e6500000| Untracked 
| 102|0x00000000e6600000, 0x00000000e6600000, 0x00000000e6700000|  0%| F|  |TAMS 0x00000000e6600000, 0x00000000e6600000| Untracked 
| 103|0x00000000e6700000, 0x00000000e6700000, 0x00000000e6800000|  0%| F|  |TAMS 0x00000000e6700000, 0x00000000e6700000| Untracked 
| 104|0x00000000e6800000, 0x00000000e6800000, 0x00000000e6900000|  0%| F|  |TAMS 0x00000000e6800000, 0x00000000e6800000| Untracked 
| 105|0x00000000e6900000, 0x00000000e6900000, 0x00000000e6a00000|  0%| F|  |TAMS 0x00000000e6900000, 0x00000000e6900000| Untracked 
| 106|0x00000000e6a00000, 0x00000000e6a00000, 0x00000000e6b00000|  0%| F|  |TAMS 0x00000000e6a00000, 0x00000000e6a00000| Untracked 
| 107|0x00000000e6b00000, 0x00000000e6b00000, 0x00000000e6c00000|  0%| F|  |TAMS 0x00000000e6b00000, 0x00000000e6b00000| Untracked 
| 108|0x00000000e6c00000, 0x00000000e6c00000, 0x00000000e6d00000|  0%| F|  |TAMS 0x00000000e6c00000, 0x00000000e6c00000| Untracked 
| 109|0x00000000e6d00000, 0x00000000e6d00000, 0x00000000e6e00000|  0%| F|  |TAMS 0x00000000e6d00000, 0x00000000e6d00000| Untracked 
| 110|0x00000000e6e00000, 0x00000000e6e00000, 0x00000000e6f00000|  0%| F|  |TAMS 0x00000000e6e00000, 0x00000000e6e00000| Untracked 
| 111|0x00000000e6f00000, 0x00000000e6f00000, 0x00000000e7000000|  0%| F|  |TAMS 0x00000000e6f00000, 0x00000000e6f00000| Untracked 
| 112|0x00000000e7000000, 0x00000000e7000000, 0x00000000e7100000|  0%| F|  |TAMS 0x00000000e7000000, 0x00000000e7000000| Untracked 
| 113|0x00000000e7100000, 0x00000000e7100000, 0x00000000e7200000|  0%| F|  |TAMS 0x00000000e7100000, 0x00000000e7100000| Untracked 
| 114|0x00000000e7200000, 0x00000000e7200000, 0x00000000e7300000|  0%| F|  |TAMS 0x00000000e7200000, 0x00000000e7200000| Untracked 
| 115|0x00000000e7300000, 0x00000000e7300000, 0x00000000e7400000|  0%| F|  |TAMS 0x00000000e7300000, 0x00000000e7300000| Untracked 
| 116|0x00000000e7400000, 0x00000000e7400000, 0x00000000e7500000|  0%| F|  |TAMS 0x00000000e7400000, 0x00000000e7400000| Untracked 
| 117|0x00000000e7500000, 0x00000000e7500000, 0x00000000e7600000|  0%| F|  |TAMS 0x00000000e7500000, 0x00000000e7500000| Untracked 
| 118|0x00000000e7600000, 0x00000000e7600000, 0x00000000e7700000|  0%| F|  |TAMS 0x00000000e7600000, 0x00000000e7600000| Untracked 
| 119|0x00000000e7700000, 0x00000000e7700000, 0x00000000e7800000|  0%| F|  |TAMS 0x00000000e7700000, 0x00000000e7700000| Untracked 
| 120|0x00000000e7800000, 0x00000000e7800000, 0x00000000e7900000|  0%| F|  |TAMS 0x00000000e7800000, 0x00000000e7800000| Untracked 
| 121|0x00000000e7900000, 0x00000000e7900000, 0x00000000e7a00000|  0%| F|  |TAMS 0x00000000e7900000, 0x00000000e7900000| Untracked 
| 122|0x00000000e7a00000, 0x00000000e7a00000, 0x00000000e7b00000|  0%| F|  |TAMS 0x00000000e7a00000, 0x00000000e7a00000| Untracked 
| 123|0x00000000e7b00000, 0x00000000e7b00000, 0x00000000e7c00000|  0%| F|  |TAMS 0x00000000e7b00000, 0x00000000e7b00000| Untracked 
| 124|0x00000000e7c00000, 0x00000000e7c00000, 0x00000000e7d00000|  0%| F|  |TAMS 0x00000000e7c00000, 0x00000000e7c00000| Untracked 
| 125|0x00000000e7d00000, 0x00000000e7d00000, 0x00000000e7e00000|  0%| F|  |TAMS 0x00000000e7d00000, 0x00000000e7d00000| Untracked 
| 126|0x00000000e7e00000, 0x00000000e7e00000, 0x00000000e7f00000|  0%| F|  |TAMS 0x00000000e7e00000, 0x00000000e7e00000| Untracked 
| 127|0x00000000e7f00000, 0x00000000e7f00000, 0x00000000e8000000|  0%| F|  |TAMS 0x00000000e7f00000, 0x00000000e7f00000| Untracked 
| 128|0x00000000e8000000, 0x00000000e8000000, 0x00000000e8100000|  0%| F|  |TAMS 0x00000000e8000000, 0x00000000e8000000| Untracked 
| 129|0x00000000e8100000, 0x00000000e8100000, 0x00000000e8200000|  0%| F|  |TAMS 0x00000000e8100000, 0x00000000e8100000| Untracked 
| 130|0x00000000e8200000, 0x00000000e8200000, 0x00000000e8300000|  0%| F|  |TAMS 0x00000000e8200000, 0x00000000e8200000| Untracked 
| 131|0x00000000e8300000, 0x00000000e8300000, 0x00000000e8400000|  0%| F|  |TAMS 0x00000000e8300000, 0x00000000e8300000| Untracked 
| 132|0x00000000e8400000, 0x00000000e8400000, 0x00000000e8500000|  0%| F|  |TAMS 0x00000000e8400000, 0x00000000e8400000| Untracked 
| 133|0x00000000e8500000, 0x00000000e8500000, 0x00000000e8600000|  0%| F|  |TAMS 0x00000000e8500000, 0x00000000e8500000| Untracked 
| 134|0x00000000e8600000, 0x00000000e8600000, 0x00000000e8700000|  0%| F|  |TAMS 0x00000000e8600000, 0x00000000e8600000| Untracked 
| 135|0x00000000e8700000, 0x00000000e8700000, 0x00000000e8800000|  0%| F|  |TAMS 0x00000000e8700000, 0x00000000e8700000| Untracked 
| 136|0x00000000e8800000, 0x00000000e8800000, 0x00000000e8900000|  0%| F|  |TAMS 0x00000000e8800000, 0x00000000e8800000| Untracked 
| 137|0x00000000e8900000, 0x00000000e8900000, 0x00000000e8a00000|  0%| F|  |TAMS 0x00000000e8900000, 0x00000000e8900000| Untracked 
| 138|0x00000000e8a00000, 0x00000000e8a00000, 0x00000000e8b00000|  0%| F|  |TAMS 0x00000000e8a00000, 0x00000000e8a00000| Untracked 
| 139|0x00000000e8b00000, 0x00000000e8b00000, 0x00000000e8c00000|  0%| F|  |TAMS 0x00000000e8b00000, 0x00000000e8b00000| Untracked 
| 140|0x00000000e8c00000, 0x00000000e8c00000, 0x00000000e8d00000|  0%| F|  |TAMS 0x00000000e8c00000, 0x00000000e8c00000| Untracked 
| 141|0x00000000e8d00000, 0x00000000e8d00000, 0x00000000e8e00000|  0%| F|  |TAMS 0x00000000e8d00000, 0x00000000e8d00000| Untracked 
| 142|0x00000000e8e00000, 0x00000000e8e00000, 0x00000000e8f00000|  0%| F|  |TAMS 0x00000000e8e00000, 0x00000000e8e00000| Untracked 
| 143|0x00000000e8f00000, 0x00000000e8f00000, 0x00000000e9000000|  0%| F|  |TAMS 0x00000000e8f00000, 0x00000000e8f00000| Untracked 
| 144|0x00000000e9000000, 0x00000000e9000000, 0x00000000e9100000|  0%| F|  |TAMS 0x00000000e9000000, 0x00000000e9000000| Untracked 
| 145|0x00000000e9100000, 0x00000000e9100000, 0x00000000e9200000|  0%| F|  |TAMS 0x00000000e9100000, 0x00000000e9100000| Untracked 
| 146|0x00000000e9200000, 0x00000000e9200000, 0x00000000e9300000|  0%| F|  |TAMS 0x00000000e9200000, 0x00000000e9200000| Untracked 
| 147|0x00000000e9300000, 0x00000000e9300000, 0x00000000e9400000|  0%| F|  |TAMS 0x00000000e9300000, 0x00000000e9300000| Untracked 
| 148|0x00000000e9400000, 0x00000000e9400000, 0x00000000e9500000|  0%| F|  |TAMS 0x00000000e9400000, 0x00000000e9400000| Untracked 
| 149|0x00000000e9500000, 0x00000000e9500000, 0x00000000e9600000|  0%| F|  |TAMS 0x00000000e9500000, 0x00000000e9500000| Untracked 
| 150|0x00000000e9600000, 0x00000000e9600000, 0x00000000e9700000|  0%| F|  |TAMS 0x00000000e9600000, 0x00000000e9600000| Untracked 
| 151|0x00000000e9700000, 0x00000000e9700000, 0x00000000e9800000|  0%| F|  |TAMS 0x00000000e9700000, 0x00000000e9700000| Untracked 
| 152|0x00000000e9800000, 0x00000000e9800000, 0x00000000e9900000|  0%| F|  |TAMS 0x00000000e9800000, 0x00000000e9800000| Untracked 
| 153|0x00000000e9900000, 0x00000000e9900000, 0x00000000e9a00000|  0%| F|  |TAMS 0x00000000e9900000, 0x00000000e9900000| Untracked 
| 154|0x00000000e9a00000, 0x00000000e9a00000, 0x00000000e9b00000|  0%| F|  |TAMS 0x00000000e9a00000, 0x00000000e9a00000| Untracked 
| 155|0x00000000e9b00000, 0x00000000e9b00000, 0x00000000e9c00000|  0%| F|  |TAMS 0x00000000e9b00000, 0x00000000e9b00000| Untracked 
| 156|0x00000000e9c00000, 0x00000000e9c00000, 0x00000000e9d00000|  0%| F|  |TAMS 0x00000000e9c00000, 0x00000000e9c00000| Untracked 
| 157|0x00000000e9d00000, 0x00000000e9d00000, 0x00000000e9e00000|  0%| F|  |TAMS 0x00000000e9d00000, 0x00000000e9d00000| Untracked 
| 158|0x00000000e9e00000, 0x00000000e9e00000, 0x00000000e9f00000|  0%| F|  |TAMS 0x00000000e9e00000, 0x00000000e9e00000| Untracked 
| 159|0x00000000e9f00000, 0x00000000e9f00000, 0x00000000ea000000|  0%| F|  |TAMS 0x00000000e9f00000, 0x00000000e9f00000| Untracked 
| 160|0x00000000ea000000, 0x00000000ea000000, 0x00000000ea100000|  0%| F|  |TAMS 0x00000000ea000000, 0x00000000ea000000| Untracked 
| 161|0x00000000ea100000, 0x00000000ea100000, 0x00000000ea200000|  0%| F|  |TAMS 0x00000000ea100000, 0x00000000ea100000| Untracked 
| 162|0x00000000ea200000, 0x00000000ea200000, 0x00000000ea300000|  0%| F|  |TAMS 0x00000000ea200000, 0x00000000ea200000| Untracked 
| 163|0x00000000ea300000, 0x00000000ea300000, 0x00000000ea400000|  0%| F|  |TAMS 0x00000000ea300000, 0x00000000ea300000| Untracked 
| 164|0x00000000ea400000, 0x00000000ea400000, 0x00000000ea500000|  0%| F|  |TAMS 0x00000000ea400000, 0x00000000ea400000| Untracked 
| 165|0x00000000ea500000, 0x00000000ea500000, 0x00000000ea600000|  0%| F|  |TAMS 0x00000000ea500000, 0x00000000ea500000| Untracked 
| 166|0x00000000ea600000, 0x00000000ea600000, 0x00000000ea700000|  0%| F|  |TAMS 0x00000000ea600000, 0x00000000ea600000| Untracked 
| 167|0x00000000ea700000, 0x00000000ea700000, 0x00000000ea800000|  0%| F|  |TAMS 0x00000000ea700000, 0x00000000ea700000| Untracked 
| 168|0x00000000ea800000, 0x00000000ea800000, 0x00000000ea900000|  0%| F|  |TAMS 0x00000000ea800000, 0x00000000ea800000| Untracked 
| 169|0x00000000ea900000, 0x00000000ea900000, 0x00000000eaa00000|  0%| F|  |TAMS 0x00000000ea900000, 0x00000000ea900000| Untracked 
| 170|0x00000000eaa00000, 0x00000000eaa00000, 0x00000000eab00000|  0%| F|  |TAMS 0x00000000eaa00000, 0x00000000eaa00000| Untracked 
| 171|0x00000000eab00000, 0x00000000eab00000, 0x00000000eac00000|  0%| F|  |TAMS 0x00000000eab00000, 0x00000000eab00000| Untracked 
| 172|0x00000000eac00000, 0x00000000eac00000, 0x00000000ead00000|  0%| F|  |TAMS 0x00000000eac00000, 0x00000000eac00000| Untracked 
| 173|0x00000000ead00000, 0x00000000ead00000, 0x00000000eae00000|  0%| F|  |TAMS 0x00000000ead00000, 0x00000000ead00000| Untracked 
| 174|0x00000000eae00000, 0x00000000eae00000, 0x00000000eaf00000|  0%| F|  |TAMS 0x00000000eae00000, 0x00000000eae00000| Untracked 
| 175|0x00000000eaf00000, 0x00000000eaf00000, 0x00000000eb000000|  0%| F|  |TAMS 0x00000000eaf00000, 0x00000000eaf00000| Untracked 
| 176|0x00000000eb000000, 0x00000000eb000000, 0x00000000eb100000|  0%| F|  |TAMS 0x00000000eb000000, 0x00000000eb000000| Untracked 
| 177|0x00000000eb100000, 0x00000000eb100000, 0x00000000eb200000|  0%| F|  |TAMS 0x00000000eb100000, 0x00000000eb100000| Untracked 
| 178|0x00000000eb200000, 0x00000000eb200000, 0x00000000eb300000|  0%| F|  |TAMS 0x00000000eb200000, 0x00000000eb200000| Untracked 
| 179|0x00000000eb300000, 0x00000000eb300000, 0x00000000eb400000|  0%| F|  |TAMS 0x00000000eb300000, 0x00000000eb300000| Untracked 
| 180|0x00000000eb400000, 0x00000000eb400000, 0x00000000eb500000|  0%| F|  |TAMS 0x00000000eb400000, 0x00000000eb400000| Untracked 
| 181|0x00000000eb500000, 0x00000000eb500000, 0x00000000eb600000|  0%| F|  |TAMS 0x00000000eb500000, 0x00000000eb500000| Untracked 
| 182|0x00000000eb600000, 0x00000000eb600000, 0x00000000eb700000|  0%| F|  |TAMS 0x00000000eb600000, 0x00000000eb600000| Untracked 
| 183|0x00000000eb700000, 0x00000000eb700000, 0x00000000eb800000|  0%| F|  |TAMS 0x00000000eb700000, 0x00000000eb700000| Untracked 
| 184|0x00000000eb800000, 0x00000000eb800000, 0x00000000eb900000|  0%| F|  |TAMS 0x00000000eb800000, 0x00000000eb800000| Untracked 
| 185|0x00000000eb900000, 0x00000000eb900000, 0x00000000eba00000|  0%| F|  |TAMS 0x00000000eb900000, 0x00000000eb900000| Untracked 
| 186|0x00000000eba00000, 0x00000000eba81ac8, 0x00000000ebb00000| 50%| E|  |TAMS 0x00000000eba00000, 0x00000000eba00000| Complete 
| 187|0x00000000ebb00000, 0x00000000ebc00000, 0x00000000ebc00000|100%| E|CS|TAMS 0x00000000ebb00000, 0x00000000ebb00000| Complete 
| 188|0x00000000ebc00000, 0x00000000ebd00000, 0x00000000ebd00000|100%| E|CS|TAMS 0x00000000ebc00000, 0x00000000ebc00000| Complete 
| 189|0x00000000ebd00000, 0x00000000ebe00000, 0x00000000ebe00000|100%| E|CS|TAMS 0x00000000ebd00000, 0x00000000ebd00000| Complete 
| 190|0x00000000ebe00000, 0x00000000ebf00000, 0x00000000ebf00000|100%| E|CS|TAMS 0x00000000ebe00000, 0x00000000ebe00000| Complete 
| 191|0x00000000ebf00000, 0x00000000ec000000, 0x00000000ec000000|100%| E|CS|TAMS 0x00000000ebf00000, 0x00000000ebf00000| Complete 
| 192|0x00000000ec000000, 0x00000000ec100000, 0x00000000ec100000|100%| E|CS|TAMS 0x00000000ec000000, 0x00000000ec000000| Complete 
| 193|0x00000000ec100000, 0x00000000ec200000, 0x00000000ec200000|100%| E|CS|TAMS 0x00000000ec100000, 0x00000000ec100000| Complete 
| 194|0x00000000ec200000, 0x00000000ec300000, 0x00000000ec300000|100%| E|CS|TAMS 0x00000000ec200000, 0x00000000ec200000| Complete 
| 195|0x00000000ec300000, 0x00000000ec400000, 0x00000000ec400000|100%| E|CS|TAMS 0x00000000ec300000, 0x00000000ec300000| Complete 
| 196|0x00000000ec400000, 0x00000000ec500000, 0x00000000ec500000|100%| E|CS|TAMS 0x00000000ec400000, 0x00000000ec400000| Complete 
| 197|0x00000000ec500000, 0x00000000ec600000, 0x00000000ec600000|100%| E|CS|TAMS 0x00000000ec500000, 0x00000000ec500000| Complete 
| 198|0x00000000ec600000, 0x00000000ec700000, 0x00000000ec700000|100%| E|CS|TAMS 0x00000000ec600000, 0x00000000ec600000| Complete 
| 199|0x00000000ec700000, 0x00000000ec800000, 0x00000000ec800000|100%| E|CS|TAMS 0x00000000ec700000, 0x00000000ec700000| Complete 
| 200|0x00000000ec800000, 0x00000000ec900000, 0x00000000ec900000|100%| E|CS|TAMS 0x00000000ec800000, 0x00000000ec800000| Complete 
| 201|0x00000000ec900000, 0x00000000eca00000, 0x00000000eca00000|100%| E|CS|TAMS 0x00000000ec900000, 0x00000000ec900000| Complete 
| 202|0x00000000eca00000, 0x00000000ecb00000, 0x00000000ecb00000|100%| E|CS|TAMS 0x00000000eca00000, 0x00000000eca00000| Complete 
| 203|0x00000000ecb00000, 0x00000000ecc00000, 0x00000000ecc00000|100%| E|CS|TAMS 0x00000000ecb00000, 0x00000000ecb00000| Complete 
| 204|0x00000000ecc00000, 0x00000000ecd00000, 0x00000000ecd00000|100%| E|CS|TAMS 0x00000000ecc00000, 0x00000000ecc00000| Complete 
| 205|0x00000000ecd00000, 0x00000000ece00000, 0x00000000ece00000|100%| E|CS|TAMS 0x00000000ecd00000, 0x00000000ecd00000| Complete 
| 206|0x00000000ece00000, 0x00000000ecf00000, 0x00000000ecf00000|100%| E|CS|TAMS 0x00000000ece00000, 0x00000000ece00000| Complete 
| 207|0x00000000ecf00000, 0x00000000ed000000, 0x00000000ed000000|100%| E|CS|TAMS 0x00000000ecf00000, 0x00000000ecf00000| Complete 
| 208|0x00000000ed000000, 0x00000000ed100000, 0x00000000ed100000|100%| E|CS|TAMS 0x00000000ed000000, 0x00000000ed000000| Complete 
| 209|0x00000000ed100000, 0x00000000ed200000, 0x00000000ed200000|100%| E|CS|TAMS 0x00000000ed100000, 0x00000000ed100000| Complete 
| 210|0x00000000ed200000, 0x00000000ed300000, 0x00000000ed300000|100%| E|CS|TAMS 0x00000000ed200000, 0x00000000ed200000| Complete 
| 211|0x00000000ed300000, 0x00000000ed400000, 0x00000000ed400000|100%| E|CS|TAMS 0x00000000ed300000, 0x00000000ed300000| Complete 
| 212|0x00000000ed400000, 0x00000000ed500000, 0x00000000ed500000|100%| E|CS|TAMS 0x00000000ed400000, 0x00000000ed400000| Complete 
| 213|0x00000000ed500000, 0x00000000ed600000, 0x00000000ed600000|100%| E|CS|TAMS 0x00000000ed500000, 0x00000000ed500000| Complete 
| 214|0x00000000ed600000, 0x00000000ed700000, 0x00000000ed700000|100%| E|CS|TAMS 0x00000000ed600000, 0x00000000ed600000| Complete 
| 215|0x00000000ed700000, 0x00000000ed800000, 0x00000000ed800000|100%| E|CS|TAMS 0x00000000ed700000, 0x00000000ed700000| Complete 
| 216|0x00000000ed800000, 0x00000000ed900000, 0x00000000ed900000|100%| E|CS|TAMS 0x00000000ed800000, 0x00000000ed800000| Complete 
| 217|0x00000000ed900000, 0x00000000eda00000, 0x00000000eda00000|100%| E|CS|TAMS 0x00000000ed900000, 0x00000000ed900000| Complete 
| 218|0x00000000eda00000, 0x00000000edb00000, 0x00000000edb00000|100%| E|CS|TAMS 0x00000000eda00000, 0x00000000eda00000| Complete 
| 219|0x00000000edb00000, 0x00000000edc00000, 0x00000000edc00000|100%| E|CS|TAMS 0x00000000edb00000, 0x00000000edb00000| Complete 
| 220|0x00000000edc00000, 0x00000000edd00000, 0x00000000edd00000|100%| E|CS|TAMS 0x00000000edc00000, 0x00000000edc00000| Complete 
| 221|0x00000000edd00000, 0x00000000ede00000, 0x00000000ede00000|100%| E|CS|TAMS 0x00000000edd00000, 0x00000000edd00000| Complete 
| 222|0x00000000ede00000, 0x00000000edf00000, 0x00000000edf00000|100%| E|CS|TAMS 0x00000000ede00000, 0x00000000ede00000| Complete 
| 223|0x00000000edf00000, 0x00000000ee000000, 0x00000000ee000000|100%| E|CS|TAMS 0x00000000edf00000, 0x00000000edf00000| Complete 
| 224|0x00000000ee000000, 0x00000000ee100000, 0x00000000ee100000|100%| E|CS|TAMS 0x00000000ee000000, 0x00000000ee000000| Complete 
| 225|0x00000000ee100000, 0x00000000ee200000, 0x00000000ee200000|100%| E|CS|TAMS 0x00000000ee100000, 0x00000000ee100000| Complete 
| 226|0x00000000ee200000, 0x00000000ee300000, 0x00000000ee300000|100%| E|CS|TAMS 0x00000000ee200000, 0x00000000ee200000| Complete 
| 227|0x00000000ee300000, 0x00000000ee400000, 0x00000000ee400000|100%| E|CS|TAMS 0x00000000ee300000, 0x00000000ee300000| Complete 
| 228|0x00000000ee400000, 0x00000000ee500000, 0x00000000ee500000|100%| E|CS|TAMS 0x00000000ee400000, 0x00000000ee400000| Complete 
| 229|0x00000000ee500000, 0x00000000ee600000, 0x00000000ee600000|100%| E|CS|TAMS 0x00000000ee500000, 0x00000000ee500000| Complete 
| 230|0x00000000ee600000, 0x00000000ee700000, 0x00000000ee700000|100%| E|CS|TAMS 0x00000000ee600000, 0x00000000ee600000| Complete 
| 231|0x00000000ee700000, 0x00000000ee800000, 0x00000000ee800000|100%| S|CS|TAMS 0x00000000ee700000, 0x00000000ee700000| Complete 
| 232|0x00000000ee800000, 0x00000000ee900000, 0x00000000ee900000|100%| S|CS|TAMS 0x00000000ee800000, 0x00000000ee800000| Complete 
| 233|0x00000000ee900000, 0x00000000eea00000, 0x00000000eea00000|100%| S|CS|TAMS 0x00000000ee900000, 0x00000000ee900000| Complete 
| 234|0x00000000eea00000, 0x00000000eeb00000, 0x00000000eeb00000|100%| E|CS|TAMS 0x00000000eea00000, 0x00000000eea00000| Complete 
| 235|0x00000000eeb00000, 0x00000000eec00000, 0x00000000eec00000|100%| E|CS|TAMS 0x00000000eeb00000, 0x00000000eeb00000| Complete 
| 236|0x00000000eec00000, 0x00000000eed00000, 0x00000000eed00000|100%| E|CS|TAMS 0x00000000eec00000, 0x00000000eec00000| Complete 
| 237|0x00000000eed00000, 0x00000000eee00000, 0x00000000eee00000|100%| E|CS|TAMS 0x00000000eed00000, 0x00000000eed00000| Complete 
| 238|0x00000000eee00000, 0x00000000eef00000, 0x00000000eef00000|100%| E|CS|TAMS 0x00000000eee00000, 0x00000000eee00000| Complete 
| 239|0x00000000eef00000, 0x00000000ef000000, 0x00000000ef000000|100%| E|CS|TAMS 0x00000000eef00000, 0x00000000eef00000| Complete 
| 240|0x00000000ef000000, 0x00000000ef100000, 0x00000000ef100000|100%| E|CS|TAMS 0x00000000ef000000, 0x00000000ef000000| Complete 
| 241|0x00000000ef100000, 0x00000000ef200000, 0x00000000ef200000|100%| E|CS|TAMS 0x00000000ef100000, 0x00000000ef100000| Complete 
| 242|0x00000000ef200000, 0x00000000ef300000, 0x00000000ef300000|100%| E|CS|TAMS 0x00000000ef200000, 0x00000000ef200000| Complete 
| 243|0x00000000ef300000, 0x00000000ef400000, 0x00000000ef400000|100%| E|CS|TAMS 0x00000000ef300000, 0x00000000ef300000| Complete 
| 244|0x00000000ef400000, 0x00000000ef500000, 0x00000000ef500000|100%| E|CS|TAMS 0x00000000ef400000, 0x00000000ef400000| Complete 
| 245|0x00000000ef500000, 0x00000000ef600000, 0x00000000ef600000|100%| E|CS|TAMS 0x00000000ef500000, 0x00000000ef500000| Complete 
| 246|0x00000000ef600000, 0x00000000ef700000, 0x00000000ef700000|100%| E|CS|TAMS 0x00000000ef600000, 0x00000000ef600000| Complete 
| 247|0x00000000ef700000, 0x00000000ef800000, 0x00000000ef800000|100%| E|CS|TAMS 0x00000000ef700000, 0x00000000ef700000| Complete 
| 248|0x00000000ef800000, 0x00000000ef900000, 0x00000000ef900000|100%| E|CS|TAMS 0x00000000ef800000, 0x00000000ef800000| Complete 
| 249|0x00000000ef900000, 0x00000000efa00000, 0x00000000efa00000|100%| E|CS|TAMS 0x00000000ef900000, 0x00000000ef900000| Complete 
| 250|0x00000000efa00000, 0x00000000efb00000, 0x00000000efb00000|100%| E|CS|TAMS 0x00000000efa00000, 0x00000000efa00000| Complete 
| 251|0x00000000efb00000, 0x00000000efc00000, 0x00000000efc00000|100%| E|CS|TAMS 0x00000000efb00000, 0x00000000efb00000| Complete 
| 252|0x00000000efc00000, 0x00000000efd00000, 0x00000000efd00000|100%| E|CS|TAMS 0x00000000efc00000, 0x00000000efc00000| Complete 
| 253|0x00000000efd00000, 0x00000000efe00000, 0x00000000efe00000|100%| E|CS|TAMS 0x00000000efd00000, 0x00000000efd00000| Complete 
| 254|0x00000000efe00000, 0x00000000eff00000, 0x00000000eff00000|100%| E|CS|TAMS 0x00000000efe00000, 0x00000000efe00000| Complete 
| 255|0x00000000eff00000, 0x00000000f0000000, 0x00000000f0000000|100%| E|CS|TAMS 0x00000000eff00000, 0x00000000eff00000| Complete 

Card table byte_map: [0x00000210f2d90000,0x00000210f2e90000] _byte_map_base: 0x00000210f2690000

Marking Bits (Prev, Next): (CMBitMap*) 0x00000210dbb88530, (CMBitMap*) 0x00000210dbb88570
 Prev Bits: [0x00000210f2f90000, 0x00000210f3790000)
 Next Bits: [0x00000210f3790000, 0x00000210f3f90000)

Polling page: 0x00000210db340000

Metaspace:

Usage:
  Non-class:     15.14 MB capacity,    14.80 MB ( 98%) used,   324.78 KB (  2%) free+waste,    25.06 KB ( <1%) overhead. 
      Class:      2.52 MB capacity,     2.37 MB ( 94%) used,   137.64 KB (  5%) free+waste,    11.88 KB ( <1%) overhead. 
       Both:     17.66 MB capacity,    17.17 MB ( 97%) used,   462.42 KB (  3%) free+waste,    36.94 KB ( <1%) overhead. 

Virtual space:
  Non-class space:       16.00 MB reserved,      15.25 MB ( 95%) committed 
      Class space:      248.00 MB reserved,       2.62 MB (  1%) committed 
             Both:      264.00 MB reserved,      17.88 MB (  7%) committed 

Chunk freelists:
   Non-Class:  46.00 KB
       Class:  12.00 KB
        Both:  58.00 KB

MaxMetaspaceSize: 256.00 MB
CompressedClassSpaceSize: 248.00 MB

CodeHeap 'non-profiled nmethods': size=120000Kb used=1078Kb max_used=1078Kb free=118921Kb
 bounds [0x00000210eb860000, 0x00000210ebad0000, 0x00000210f2d90000]
CodeHeap 'profiled nmethods': size=120000Kb used=4506Kb max_used=4506Kb free=115493Kb
 bounds [0x00000210e4330000, 0x00000210e47a0000, 0x00000210eb860000]
CodeHeap 'non-nmethods': size=5760Kb used=1224Kb max_used=1260Kb free=4535Kb
 bounds [0x00000210e3d90000, 0x00000210e4000000, 0x00000210e4330000]
 total_blobs=2730 nmethods=2237 adapters=405
 compilation: enabled
              stopped_count=0, restarted_count=0
 full_count=0

Compilation events (20 events):
Event: 11.447 Thread 0x00000210f6575110 2229       3       java.util.concurrent.ConcurrentLinkedQueue::offer (120 bytes)
Event: 11.450 Thread 0x00000210f6575110 nmethod 2229 0x00000210e4788410 code [0x00000210e4788820, 0x00000210e478a708]
Event: 11.450 Thread 0x00000210f6575110 2228       3       java.util.concurrent.ConcurrentLinkedQueue::add (6 bytes)
Event: 11.450 Thread 0x00000210f6575110 nmethod 2228 0x00000210e478b090 code [0x00000210e478b240, 0x00000210e478b388]
Event: 11.467 Thread 0x00000210f6575110 2230       3       jdk.internal.org.objectweb.asm.ClassWriter::<init> (7 bytes)
Event: 11.467 Thread 0x00000210f6575110 nmethod 2230 0x00000210e478b410 code [0x00000210e478b5c0, 0x00000210e478b708]
Event: 11.467 Thread 0x00000210f6575110 2231       3       jdk.internal.org.objectweb.asm.ClassWriter::<init> (68 bytes)
Event: 11.468 Thread 0x00000210f6575110 nmethod 2231 0x00000210e478b790 code [0x00000210e478b960, 0x00000210e478bde8]
Event: 11.468 Thread 0x00000210f6575110 2232       3       jdk.internal.org.objectweb.asm.ClassVisitor::<init> (7 bytes)
Event: 11.468 Thread 0x00000210f6575110 nmethod 2232 0x00000210e478bf90 code [0x00000210e478c140, 0x00000210e478c268]
Event: 11.476 Thread 0x00000210f6575110 2233       3       java.net.URLConnection::<init> (62 bytes)
Event: 11.477 Thread 0x00000210f6575110 nmethod 2233 0x00000210e478c310 code [0x00000210e478c520, 0x00000210e478cbe8]
Event: 11.623 Thread 0x00000210f6575110 2235       3       java.util.Objects::hashCode (13 bytes)
Event: 11.623 Thread 0x00000210f6575110 nmethod 2235 0x00000210e478ce10 code [0x00000210e478cfc0, 0x00000210e478d1c8]
Event: 11.624 Thread 0x00000210f6575110 2236       3       jdk.internal.org.objectweb.asm.MethodWriter::putAbstractTypes (31 bytes)
Event: 11.624 Thread 0x00000210f6575110 nmethod 2236 0x00000210e478d290 code [0x00000210e478d440, 0x00000210e478d668]
Event: 11.624 Thread 0x00000210f6575110 2238       3       jdk.internal.org.objectweb.asm.ClassWriter::toByteArray (1515 bytes)
Event: 11.631 Thread 0x00000210f6575110 nmethod 2238 0x00000210e478d790 code [0x00000210e478e0c0, 0x00000210e4791e78]
Event: 11.631 Thread 0x00000210f6575110 2237       3       jdk.internal.org.objectweb.asm.Frame::putAbstractType (379 bytes)
Event: 11.632 Thread 0x00000210f6575110 nmethod 2237 0x00000210e4793e10 code [0x00000210e4794240, 0x00000210e4795958]

GC Heap History (6 events):
Event: 2.080 GC heap before
{Heap before GC invocations=0 (full 0):
 garbage-first heap   total 262144K, used 18432K [0x00000000e0000000, 0x0000000100000000)
  region size 1024K, 13 young (13312K), 0 survivors (0K)
 Metaspace       used 1955K, capacity 5372K, committed 5504K, reserved 262144K
  class space    used 211K, capacity 532K, committed 640K, reserved 253952K
}
Event: 2.107 GC heap after
{Heap after GC invocations=1 (full 0):
 garbage-first heap   total 262144K, used 8137K [0x00000000e0000000, 0x0000000100000000)
  region size 1024K, 2 young (2048K), 2 survivors (2048K)
 Metaspace       used 1955K, capacity 5372K, committed 5504K, reserved 262144K
  class space    used 211K, capacity 532K, committed 640K, reserved 253952K
}
Event: 3.196 GC heap before
{Heap before GC invocations=1 (full 0):
 garbage-first heap   total 262144K, used 20425K [0x00000000e0000000, 0x0000000100000000)
  region size 1024K, 14 young (14336K), 2 survivors (2048K)
 Metaspace       used 3951K, capacity 6607K, committed 6656K, reserved 262144K
  class space    used 487K, capacity 729K, committed 768K, reserved 253952K
}
Event: 3.200 GC heap after
{Heap after GC invocations=2 (full 0):
 garbage-first heap   total 262144K, used 9265K [0x00000000e0000000, 0x0000000100000000)
  region size 1024K, 1 young (1024K), 1 survivors (1024K)
 Metaspace       used 3951K, capacity 6607K, committed 6656K, reserved 262144K
  class space    used 487K, capacity 729K, committed 768K, reserved 253952K
}
Event: 4.121 GC heap before
{Heap before GC invocations=2 (full 0):
 garbage-first heap   total 262144K, used 29745K [0x00000000e0000000, 0x0000000100000000)
  region size 1024K, 22 young (22528K), 1 survivors (1024K)
 Metaspace       used 4075K, capacity 6607K, committed 6656K, reserved 262144K
  class space    used 491K, capacity 729K, committed 768K, reserved 253952K
}
Event: 4.125 GC heap after
{Heap after GC invocations=3 (full 0):
 garbage-first heap   total 262144K, used 13053K [0x00000000e0000000, 0x0000000100000000)
  region size 1024K, 3 young (3072K), 3 survivors (3072K)
 Metaspace       used 4075K, capacity 6607K, committed 6656K, reserved 262144K
  class space    used 491K, capacity 729K, committed 768K, reserved 253952K
}

Deoptimization events (20 events):
Event: 10.555 Thread 0x00000210f83b1ca0 DEOPT PACKING pc=0x00000210e473a5b8 sp=0x000000e251efad00
Event: 10.555 Thread 0x00000210f83b1ca0 DEOPT UNPACKING pc=0x00000210e3dde23f sp=0x000000e251efa220 mode 0
Event: 10.590 Thread 0x00000210f83b1ca0 DEOPT PACKING pc=0x00000210e473b396 sp=0x000000e251efad40
Event: 10.590 Thread 0x00000210f83b1ca0 DEOPT UNPACKING pc=0x00000210e3dde23f sp=0x000000e251efa220 mode 0
Event: 10.939 Thread 0x00000210f83b1ca0 Uncommon trap: trap_request=0xffffff45 fr.pc=0x00000210eb8bc5dc relative=0x000000000000005c
Event: 10.939 Thread 0x00000210f83b1ca0 Uncommon trap: reason=unstable_if action=reinterpret pc=0x00000210eb8bc5dc method=java.util.LinkedHashMap.afterNodeInsertion(Z)V @ 1 c2
Event: 10.939 Thread 0x00000210f83b1ca0 DEOPT PACKING pc=0x00000210eb8bc5dc sp=0x000000e251efa550
Event: 10.939 Thread 0x00000210f83b1ca0 DEOPT UNPACKING pc=0x00000210e3dde42f sp=0x000000e251efa4d0 mode 2
Event: 10.945 Thread 0x00000210f83b1ca0 Uncommon trap: trap_request=0xffffff45 fr.pc=0x00000210eb926760 relative=0x0000000000000240
Event: 10.945 Thread 0x00000210f83b1ca0 Uncommon trap: reason=unstable_if action=reinterpret pc=0x00000210eb926760 method=java.util.concurrent.ConcurrentHashMap.get(Ljava/lang/Object;)Ljava/lang/Object; @ 76 c2
Event: 10.945 Thread 0x00000210f83b1ca0 DEOPT PACKING pc=0x00000210eb926760 sp=0x000000e251ef9e60
Event: 10.945 Thread 0x00000210f83b1ca0 DEOPT UNPACKING pc=0x00000210e3dde42f sp=0x000000e251ef9dc8 mode 2
Event: 11.330 Thread 0x00000210f83b1ca0 Uncommon trap: trap_request=0xffffff45 fr.pc=0x00000210eb9451c0 relative=0x0000000000000120
Event: 11.330 Thread 0x00000210f83b1ca0 Uncommon trap: reason=unstable_if action=reinterpret pc=0x00000210eb9451c0 method=java.util.HashMap.getNode(Ljava/lang/Object;)Ljava/util/HashMap$Node; @ 66 c2
Event: 11.330 Thread 0x00000210f83b1ca0 DEOPT PACKING pc=0x00000210eb9451c0 sp=0x000000e251efcaf0
Event: 11.331 Thread 0x00000210f83b1ca0 DEOPT UNPACKING pc=0x00000210e3dde42f sp=0x000000e251efca00 mode 2
Event: 11.331 Thread 0x00000210f83b1ca0 Uncommon trap: trap_request=0xffffff45 fr.pc=0x00000210eb9098b4 relative=0x0000000000000114
Event: 11.331 Thread 0x00000210f83b1ca0 Uncommon trap: reason=unstable_if action=reinterpret pc=0x00000210eb9098b4 method=java.util.HashMap.getNode(Ljava/lang/Object;)Ljava/util/HashMap$Node; @ 66 c2
Event: 11.331 Thread 0x00000210f83b1ca0 DEOPT PACKING pc=0x00000210eb9098b4 sp=0x000000e251efca80
Event: 11.331 Thread 0x00000210f83b1ca0 DEOPT UNPACKING pc=0x00000210e3dde42f sp=0x000000e251efca00 mode 2

Classes unloaded (0 events):
No events

Classes redefined (0 events):
No events

Internal exceptions (20 events):
Event: 8.858 Thread 0x00000210f83b1ca0 Exception <a 'java/lang/NoSuchMethodError'{0x00000000ee67d6b8}: 'void java.lang.invoke.DirectMethodHandle$Holder.invokeSpecial(java.lang.Object, java.lang.Object, java.lang.Object, java.lang.Object, java.lang.Object)'> (0x00000000ee67d6b8) 
thrown [./open/src/hotspot/share/interpreter/linkResolver.cpp, line 782]
Event: 8.866 Thread 0x00000210f83b1ca0 Exception <a 'java/lang/NoSuchMethodError'{0x00000000ee504dc8}: 'java.lang.Object java.lang.invoke.Invokers$Holder.invoker(java.lang.Object, java.lang.Object, java.lang.Object, java.lang.Object)'> (0x00000000ee504dc8) 
thrown [./open/src/hotspot/share/interpreter/linkResolver.cpp, line 782]
Event: 8.892 Thread 0x00000210f83b1ca0 Exception <a 'java/lang/NoSuchMethodError'{0x00000000ee537f28}: 'long java.lang.invoke.DirectMethodHandle$Holder.invokeInterface(java.lang.Object, java.lang.Object)'> (0x00000000ee537f28) 
thrown [./open/src/hotspot/share/interpreter/linkResolver.cpp, line 782]
Event: 8.899 Thread 0x00000210f83b1ca0 Exception <a 'java/lang/NoSuchMethodError'{0x00000000ee553010}: 'void java.lang.invoke.DelegatingMethodHandle$Holder.reinvoke_L(java.lang.Object, java.lang.Object, java.lang.Object, java.lang.Object, java.lang.Object, java.lang.Object, java.lang.Object)'> (0x00000000ee553010) 
thrown [./open/src/hotspot/share/interpreter/linkResolver.cpp, line 782]
Event: 9.234 Thread 0x00000210f83b1ca0 Exception <a 'java/lang/NoSuchMethodError'{0x00000000ee16eee8}: 'java.lang.Object java.lang.invoke.DirectMethodHandle$Holder.invokeVirtual(java.lang.Object, java.lang.Object, java.lang.Object)'> (0x00000000ee16eee8) 
thrown [./open/src/hotspot/share/interpreter/linkResolver.cpp, line 782]
Event: 9.451 Thread 0x00000210f83b1ca0 Exception <a 'java/lang/NoSuchMethodError'{0x00000000eddd1278}: 'void java.lang.invoke.DirectMethodHandle$Holder.invokeStaticInit(java.lang.Object)'> (0x00000000eddd1278) 
thrown [./open/src/hotspot/share/interpreter/linkResolver.cpp, line 782]
Event: 9.895 Thread 0x00000210f83b1ca0 Exception <a 'java/lang/NoSuchMethodError'{0x00000000ed4eda80}: 'java.lang.Object java.lang.invoke.DirectMethodHandle$Holder.invokeSpecial(java.lang.Object, java.lang.Object, java.lang.Object, java.lang.Object, java.lang.Object, java.lang.Object, java.lang.Object, java.lang.Object, java.lang.Object, java.lang.Object, java.lang.Object, java.lang.Object, java.lang.Object, java.lang.Object, java.lang.Object)'> (0x00000000ed4eda80) 
thrown [./open/src/hotspot/share/interpreter/linkResolver.cpp, line 782]
Event: 10.039 Thread 0x00000210f83b1ca0 Exception <a 'java/lang/NoSuchMethodError'{0x00000000ed0223e0}: 'java.lang.Object java.lang.invoke.DirectMethodHandle$Holder.invokeVirtual(java.lang.Object, java.lang.Object, java.lang.Object, java.lang.Object)'> (0x00000000ed0223e0) 
thrown [./open/src/hotspot/share/interpreter/linkResolver.cpp, line 782]
Event: 10.349 Thread 0x00000210f83b1ca0 Exception <a 'java/lang/NoSuchMethodError'{0x00000000ecee2f70}: 'int java.lang.invoke.DirectMethodHandle$Holder.invokeSpecialIFC(java.lang.Object, java.lang.Object, java.lang.Object, java.lang.Object)'> (0x00000000ecee2f70) 
thrown [./open/src/hotspot/share/interpreter/linkResolver.cpp, line 782]
Event: 10.352 Thread 0x00000210f83b1ca0 Exception <a 'java/lang/NoSuchMethodError'{0x00000000ecef2ad0}: 'java.lang.Object java.lang.invoke.DirectMethodHandle$Holder.invokeInterface(java.lang.Object, java.lang.Object, java.lang.Object)'> (0x00000000ecef2ad0) 
thrown [./open/src/hotspot/share/interpreter/linkResolver.cpp, line 782]
Event: 10.353 Thread 0x00000210f83b1ca0 Exception <a 'java/lang/IncompatibleClassChangeError'{0x00000000ecef6b60}: Found class java.lang.Object, but interface was expected> (0x00000000ecef6b60) 
thrown [./open/src/hotspot/share/interpreter/linkResolver.cpp, line 848]
Event: 10.911 Thread 0x00000210f83b1ca0 Exception <a 'java/lang/NoSuchMethodError'{0x00000000ec8aba48}: 'java.lang.Object java.lang.invoke.DirectMethodHandle$Holder.newInvokeSpecial(java.lang.Object, java.lang.Object, java.lang.Object, java.lang.Object, java.lang.Object)'> (0x00000000ec8aba48) 
thrown [./open/src/hotspot/share/interpreter/linkResolver.cpp, line 782]
Event: 11.024 Thread 0x00000210f83b1ca0 Exception <a 'java/lang/NoSuchMethodError'{0x00000000ec63f348}: 'void java.lang.invoke.DirectMethodHandle$Holder.invokeSpecial(java.lang.Object, java.lang.Object, java.lang.Object, java.lang.Object, java.lang.Object, java.lang.Object)'> (0x00000000ec63f348) 
thrown [./open/src/hotspot/share/interpreter/linkResolver.cpp, line 782]
Event: 11.199 Thread 0x00000210f83b1ca0 Exception <a 'java/lang/NoSuchMethodError'{0x00000000ec3274b0}: 'java.lang.Object java.lang.invoke.DirectMethodHandle$Holder.invokeSpecialIFC(java.lang.Object, java.lang.Object, java.lang.Object, java.lang.Object)'> (0x00000000ec3274b0) 
thrown [./open/src/hotspot/share/interpreter/linkResolver.cpp, line 782]
Event: 11.228 Thread 0x00000210f83b1ca0 Exception <a 'java/lang/NoSuchMethodError'{0x00000000ec39d288}: 'java.lang.Object java.lang.invoke.DirectMethodHandle$Holder.newInvokeSpecial(java.lang.Object, java.lang.Object, java.lang.Object, java.lang.Object, java.lang.Object, java.lang.Object, java.lang.Object, java.lang.Object, java.lang.Object, java.lang.Object, java.lang.Object)'> (0x00000000ec39d288) 
thrown [./open/src/hotspot/share/interpreter/linkResolver.cpp, line 782]
Event: 11.230 Thread 0x00000210f83b1ca0 Exception <a 'java/lang/NoSuchMethodError'{0x00000000ec3a2a78}: 'java.lang.Object java.lang.invoke.DirectMethodHandle$Holder.invokeSpecial(java.lang.Object, java.lang.Object, java.lang.Object, java.lang.Object, java.lang.Object, java.lang.Object, java.lang.Object, java.lang.Object, java.lang.Object, java.lang.Object, java.lang.Object, java.lang.Object)'> (0x00000000ec3a2a78) 
thrown [./open/src/hotspot/share/interpreter/linkResolver.cpp, line 782]
Event: 11.230 Thread 0x00000210f83b1ca0 Exception <a 'java/lang/NoSuchMethodError'{0x00000000ec3a7b18}: 'java.lang.Object java.lang.invoke.Invokers$Holder.linkToTargetMethod(java.lang.Object, java.lang.Object, java.lang.Object, java.lang.Object, java.lang.Object, java.lang.Object, java.lang.Object, java.lang.Object, java.lang.Object, java.lang.Object, java.lang.Object)'> (0x00000000ec3a7b18) 
thrown [./open/src/hotspot/share/interpreter/linkResolver.cpp, line 782]
Event: 11.309 Thread 0x00000210f83b1ca0 Exception <a 'java/lang/NoSuchMethodError'{0x00000000ec28fa98}: 'java.lang.Object java.lang.invoke.Invokers$Holder.invoker(java.lang.Object, java.lang.Object, java.lang.Object)'> (0x00000000ec28fa98) 
thrown [./open/src/hotspot/share/interpreter/linkResolver.cpp, line 782]
Event: 11.369 Thread 0x00000210f83b1ca0 Exception <a 'java/lang/NoSuchMethodError'{0x00000000ec18ff10}: 'void java.lang.invoke.DirectMethodHandle$Holder.invokeSpecial(java.lang.Object, java.lang.Object, java.lang.Object, java.lang.Object, java.lang.Object, java.lang.Object, java.lang.Object)'> (0x00000000ec18ff10) 
thrown [./open/src/hotspot/share/interpreter/linkResolver.cpp, line 782]
Event: 11.370 Thread 0x00000210f83b1ca0 Exception <a 'java/lang/NoSuchMethodError'{0x00000000ec198e00}: 'java.lang.Object java.lang.invoke.DirectMethodHandle$Holder.newInvokeSpecial(java.lang.Object, java.lang.Object, java.lang.Object, java.lang.Object, java.lang.Object, java.lang.Object)'> (0x00000000ec198e00) 
thrown [./open/src/hotspot/share/interpreter/linkResolver.cpp, line 782]

Events (20 events):
Event: 10.941 loading class jdk/internal/HotSpotIntrinsicCandidate
Event: 10.941 loading class jdk/internal/HotSpotIntrinsicCandidate done
Event: 10.997 loading class java/lang/TypeNotPresentException
Event: 10.997 loading class java/lang/TypeNotPresentException done
Event: 11.032 loading class java/util/ConcurrentModificationException
Event: 11.035 loading class java/util/ConcurrentModificationException done
Event: 11.166 Thread 0x00000210f8be8f20 Thread added: 0x00000210f8be8f20
Event: 11.238 Thread 0x00000210f8be7be0 Thread added: 0x00000210f8be7be0
Event: 11.290 loading class java/util/DualPivotQuicksort
Event: 11.303 loading class java/util/DualPivotQuicksort done
Event: 11.457 loading class java/util/function/BooleanSupplier
Event: 11.466 loading class java/util/function/BooleanSupplier done
Event: 11.525 loading class java/lang/AbstractMethodError
Event: 11.525 loading class java/lang/AbstractMethodError done
Event: 11.592 loading class java/util/concurrent/atomic/AtomicReferenceFieldUpdater
Event: 11.606 loading class java/util/concurrent/atomic/AtomicReferenceFieldUpdater done
Event: 11.606 loading class java/util/concurrent/atomic/AtomicReferenceFieldUpdater$AtomicReferenceFieldUpdaterImpl
Event: 11.614 loading class java/util/concurrent/atomic/AtomicReferenceFieldUpdater$AtomicReferenceFieldUpdaterImpl done
Event: 11.614 loading class java/util/concurrent/atomic/AtomicReferenceFieldUpdater$AtomicReferenceFieldUpdaterImpl$1
Event: 11.614 loading class java/util/concurrent/atomic/AtomicReferenceFieldUpdater$AtomicReferenceFieldUpdaterImpl$1 done


Dynamic libraries:
0x00007ff7e6780000 - 0x00007ff7e678d000 	C:\Users\Admin\.jdks\openjdk-15.0.1-1\bin\java.exe
0x00007ff92c3b0000 - 0x00007ff92c5a6000 	C:\Windows\SYSTEM32\ntdll.dll
0x00007ff92b0a0000 - 0x00007ff92b15d000 	C:\Windows\System32\KERNEL32.DLL
0x00007ff929f10000 - 0x00007ff92a1d8000 	C:\Windows\System32\KERNELBASE.dll
0x00007ff92a1e0000 - 0x00007ff92a2e0000 	C:\Windows\System32\ucrtbase.dll
0x00007ff91dc90000 - 0x00007ff91dca9000 	C:\Users\Admin\.jdks\openjdk-15.0.1-1\bin\VCRUNTIME140.dll
0x00007ff91dcb0000 - 0x00007ff91dcc8000 	C:\Users\Admin\.jdks\openjdk-15.0.1-1\bin\jli.dll
0x00007ff92a5f0000 - 0x00007ff92a790000 	C:\Windows\System32\USER32.dll
0x00007ff915d70000 - 0x00007ff91600b000 	C:\Windows\WinSxS\amd64_microsoft.windows.common-controls_6595b64144ccf1df_6.0.19041.488_none_ca04af081b815d21\COMCTL32.dll
0x00007ff929e10000 - 0x00007ff929e32000 	C:\Windows\System32\win32u.dll
0x00007ff92bc70000 - 0x00007ff92bd0e000 	C:\Windows\System32\msvcrt.dll
0x00007ff92b3a0000 - 0x00007ff92b3ca000 	C:\Windows\System32\GDI32.dll
0x00007ff929ac0000 - 0x00007ff929bc9000 	C:\Windows\System32\gdi32full.dll
0x00007ff92a340000 - 0x00007ff92a3dd000 	C:\Windows\System32\msvcp_win.dll
0x00007ff92bf40000 - 0x00007ff92bf70000 	C:\Windows\System32\IMM32.DLL
0x00007ff91dc80000 - 0x00007ff91dc8c000 	C:\Users\Admin\.jdks\openjdk-15.0.1-1\bin\vcruntime140_1.dll
0x00007ff906a50000 - 0x00007ff906ae1000 	C:\Users\Admin\.jdks\openjdk-15.0.1-1\bin\msvcp140.dll
0x00007ff8ec900000 - 0x00007ff8ed45e000 	C:\Users\Admin\.jdks\openjdk-15.0.1-1\bin\server\jvm.dll
0x00007ff92b160000 - 0x00007ff92b20c000 	C:\Windows\System32\ADVAPI32.dll
0x00007ff92b3d0000 - 0x00007ff92b46b000 	C:\Windows\System32\sechost.dll
0x00007ff92bdf0000 - 0x00007ff92bf14000 	C:\Windows\System32\RPCRT4.dll
0x00007ff92bf20000 - 0x00007ff92bf28000 	C:\Windows\System32\PSAPI.DLL
0x00007ff920f50000 - 0x00007ff920f77000 	C:\Windows\SYSTEM32\WINMM.dll
0x00007ff91f320000 - 0x00007ff91f329000 	C:\Windows\SYSTEM32\WSOCK32.dll
0x00007ff920f80000 - 0x00007ff920f8a000 	C:\Windows\SYSTEM32\VERSION.dll
0x00007ff92bf70000 - 0x00007ff92bfdb000 	C:\Windows\System32\WS2_32.dll
0x00007ff927bf0000 - 0x00007ff927c02000 	C:\Windows\SYSTEM32\kernel.appcore.dll
0x00007ff91dc70000 - 0x00007ff91dc7a000 	C:\Users\Admin\.jdks\openjdk-15.0.1-1\bin\jimage.dll
0x00007ff90f130000 - 0x00007ff90f314000 	C:\Windows\SYSTEM32\DBGHELP.DLL
0x00007ff90f100000 - 0x00007ff90f12c000 	C:\Windows\SYSTEM32\dbgcore.DLL
0x00007ff929e90000 - 0x00007ff929f0f000 	C:\Windows\System32\bcryptPrimitives.dll
0x00007ff91dc40000 - 0x00007ff91dc65000 	C:\Users\Admin\.jdks\openjdk-15.0.1-1\bin\java.dll
0x00007ff92b520000 - 0x00007ff92bc61000 	C:\Windows\System32\SHELL32.dll
0x00007ff928310000 - 0x00007ff928aa5000 	C:\Windows\SYSTEM32\windows.storage.dll
0x00007ff92bfe0000 - 0x00007ff92c335000 	C:\Windows\System32\combase.dll
0x00007ff929530000 - 0x00007ff92955c000 	C:\Windows\SYSTEM32\Wldp.dll
0x00007ff92b470000 - 0x00007ff92b51e000 	C:\Windows\System32\SHCORE.dll
0x00007ff92ade0000 - 0x00007ff92ae35000 	C:\Windows\System32\shlwapi.dll
0x00007ff9299f0000 - 0x00007ff929a16000 	C:\Windows\SYSTEM32\profapi.dll
0x00007ff91dc20000 - 0x00007ff91dc39000 	C:\Users\Admin\.jdks\openjdk-15.0.1-1\bin\net.dll
0x00007ff91b9c0000 - 0x00007ff91bac0000 	C:\Windows\SYSTEM32\WINHTTP.dll
0x00007ff9292b0000 - 0x00007ff92931a000 	C:\Windows\system32\mswsock.dll
0x00007ff91dbd0000 - 0x00007ff91dbe2000 	C:\Users\Admin\.jdks\openjdk-15.0.1-1\bin\nio.dll
0x00007ff91db40000 - 0x00007ff91db58000 	C:\Users\Admin\.jdks\openjdk-15.0.1-1\bin\zip.dll
0x00007ff91dbc0000 - 0x00007ff91dbd0000 	C:\Users\Admin\.jdks\openjdk-15.0.1-1\bin\verify.dll
0x00007ff91dd50000 - 0x00007ff91dd77000 	C:\Users\Admin\.gradle\native\c976cfcca226fdd4bee4412e95191dd41148b7504f9625baeda1d523bc39a967\windows-amd64\native-platform.dll
0x00007ff91d920000 - 0x00007ff91d929000 	C:\Users\Admin\.jdks\openjdk-15.0.1-1\bin\management.dll
0x00007ff91d890000 - 0x00007ff91d89b000 	C:\Users\Admin\.jdks\openjdk-15.0.1-1\bin\management_ext.dll
0x00007ff929480000 - 0x00007ff929498000 	C:\Windows\SYSTEM32\CRYPTSP.dll
0x000000005d120000 - 0x000000005d137000 	C:\Program Files\Common Files\Crypto Pro\AppCompat\cpadvai.dll
0x000000005d140000 - 0x000000005d146000 	C:\Program Files\Common Files\Crypto Pro\AppCompat\detoured.dll
0x00007ff928bd0000 - 0x00007ff928c04000 	C:\Windows\system32\rsaenh.dll
0x00007ff929de0000 - 0x00007ff929e07000 	C:\Windows\System32\bcrypt.dll
0x00007ff9299b0000 - 0x00007ff9299de000 	C:\Windows\SYSTEM32\USERENV.dll
0x00007ff9294a0000 - 0x00007ff9294ac000 	C:\Windows\SYSTEM32\CRYPTBASE.dll
0x00007ff928f50000 - 0x00007ff928f8b000 	C:\Windows\SYSTEM32\IPHLPAPI.DLL
0x00007ff92ac00000 - 0x00007ff92ac08000 	C:\Windows\System32\NSI.dll
0x00007ff91f470000 - 0x00007ff91f487000 	C:\Windows\SYSTEM32\dhcpcsvc6.DLL
0x00007ff91f540000 - 0x00007ff91f55d000 	C:\Windows\SYSTEM32\dhcpcsvc.DLL
0x00007ff928fa0000 - 0x00007ff92906b000 	C:\Windows\SYSTEM32\DNSAPI.dll

dbghelp: loaded successfully - version: 4.0.5 - missing functions: none
symbol engine: initialized successfully - sym options: 0x614 - pdb path: .;C:\Users\Admin\.jdks\openjdk-15.0.1-1\bin;C:\Windows\SYSTEM32;C:\Windows\WinSxS\amd64_microsoft.windows.common-controls_6595b64144ccf1df_6.0.19041.488_none_ca04af081b815d21;C:\Users\Admin\.jdks\openjdk-15.0.1-1\bin\server;C:\Users\Admin\.gradle\native\c976cfcca226fdd4bee4412e95191dd41148b7504f9625baeda1d523bc39a967\windows-amd64;C:\Program Files\Common Files\Crypto Pro\AppCompat

VM Arguments:
jvm_args: --add-opens=java.base/java.util=ALL-UNNAMED --add-opens=java.base/java.lang=ALL-UNNAMED --add-opens=java.base/java.lang.invoke=ALL-UNNAMED --add-opens=java.prefs/java.util.prefs=ALL-UNNAMED -XX:MaxMetaspaceSize=256m -XX:+HeapDumpOnOutOfMemoryError -Xms256m -Xmx512m -Dfile.encoding=windows-1251 -Duser.country=RU -Duser.language=ru -Duser.variant 
java_command: org.gradle.launcher.daemon.bootstrap.GradleDaemon 6.3
java_class_path (initial): C:\Users\Admin\.gradle\wrapper\dists\gradle-6.3-bin\8tpu6egwsccjzp10c1jckl0rx\gradle-6.3\lib\gradle-launcher-6.3.jar
Launcher Type: SUN_STANDARD

[Global flags]
     intx CICompilerCount                          = 3                                         {product} {ergonomic}
   size_t CompressedClassSpaceSize                 = 260046848                                 {product} {ergonomic}
     uint ConcGCThreads                            = 1                                         {product} {ergonomic}
     uint G1ConcRefinementThreads                  = 4                                         {product} {ergonomic}
   size_t G1HeapRegionSize                         = 1048576                                   {product} {ergonomic}
    uintx GCDrainStackTargetSize                   = 64                                        {product} {ergonomic}
     bool HeapDumpOnOutOfMemoryError               = true                                   {manageable} {command line}
   size_t InitialHeapSize                          = 268435456                                 {product} {command line}
   size_t MarkStackSize                            = 4194304                                   {product} {ergonomic}
   size_t MaxHeapSize                              = 536870912                                 {product} {command line}
   size_t MaxMetaspaceSize                         = 268435456                                 {product} {command line}
   size_t MaxNewSize                               = 321912832                                 {product} {ergonomic}
   size_t MinHeapDeltaBytes                        = 1048576                                   {product} {ergonomic}
   size_t MinHeapSize                              = 268435456                                 {product} {command line}
    uintx NonNMethodCodeHeapSize                   = 5832780                                {pd product} {ergonomic}
    uintx NonProfiledCodeHeapSize                  = 122912730                              {pd product} {ergonomic}
    uintx ProfiledCodeHeapSize                     = 122912730                              {pd product} {ergonomic}
    uintx ReservedCodeCacheSize                    = 251658240                              {pd product} {ergonomic}
     bool SegmentedCodeCache                       = true                                      {product} {ergonomic}
   size_t SoftMaxHeapSize                          = 536870912                              {manageable} {ergonomic}
     bool UseCompressedClassPointers               = true                                 {lp64_product} {ergonomic}
     bool UseCompressedOops                        = true                                 {lp64_product} {ergonomic}
     bool UseG1GC                                  = true                                      {product} {ergonomic}
     bool UseLargePagesIndividualAllocation        = false                                  {pd product} {ergonomic}

Logging:
Log output configuration:
 #0: stdout all=warning uptime,level,tags
 #1: stderr all=off uptime,level,tags

Environment Variables:
PATH=C:\Program Files\Common Files\Oracle\Java\javapath;C:\Windows\system32;C:\Windows;C:\Windows\System32\Wbem;C:\Windows\System32\WindowsPowerShell\v1.0\;C:\Windows\System32\OpenSSH\;C:\Program Files\Git\cmd;C:\Users\Admin\AppData\Local\Microsoft\WindowsApps;
USERNAME=Admin
OS=Windows_NT
PROCESSOR_IDENTIFIER=Intel64 Family 6 Model 42 Stepping 7, GenuineIntel



---------------  S Y S T E M  ---------------

OS:
 Windows 10 , 64 bit Build 19041 (10.0.19041.546)
OS uptime: 0 days 9:04 hours

CPU: total 4 (initial active 4) (2 cores per cpu, 2 threads per core) family 6 model 42 stepping 7 microcode 0x2f, cmov, cx8, fxsr, mmx, sse, sse2, sse3, ssse3, sse4.1, sse4.2, popcnt, vzeroupper, avx, aes, clmul, ht, tsc, tscinvbit, clflush

Memory: 4k page, system-wide physical 8075M (992M free)
TotalPageFile size 10123M (AvailPageFile size 7M)
current process WorkingSet (physical memory assigned to process): 176M, peak: 176M
current process commit charge ("private bytes"): 402M, peak: 404M

vm_info: OpenJDK 64-Bit Server VM (15.0.1+9-18) for windows-amd64 JRE (15.0.1+9-18), built on Sep 15 2020 14:39:31 by "mach5one" with unknown MS VC++:1925

END.
